e: file:///D:/Nova/Nova-Relay-main/src/test/kotlin/MessagePacketListener.kt:19:27 Assignment type mismatch: actual type is '@NotNull() net.kyori.adventure.text.TextComponent', but 'kotlin.CharSequence!' was expected.
e: file:///D:/Nova/Nova-Relay-main/src/test/kotlin/MessagePacketListener.kt:21:35 Assignment type mismatch: actual type is '@NotNull() net.kyori.adventure.text.TextComponent', but 'kotlin.CharSequence!' was expected.

[Incubating] Problems report is available at: file:///D:/Nova/Nova-Relay-main/build/reports/problems/problems-report.html

FAILURE: Build failed with an exception.

* What went wrong:
Execution failed for task ':compileTestKotlin'.
> A failure occurred while executing org.jetbrains.kotlin.compilerRunner.GradleCompilerRunnerWithWorkers$GradleKotlinCompilerWorkAction
   > Compilation error. See log for more details

* Try:
> Run with --stacktrace option to get the stack trace.
> Run with --info or --debug option to get more log output.
> Run with --scan to get full insights.
> Get more help at https://help.gradle.org.

Deprecated Gradle features were used in this build, making it incompatible with Gradle 9.0.

You can use '--warning-mode all' to show the individual deprecation warnings and determine if they come from your own scripts or plugins.

For more on this, please refer to https://docs.gradle.org/8.12.1/userguide/command_line_interface.html#sec:command_line_warnings in the Gradle documentation.

BUILD FAILED in 7s